<?xml version="1.0" encoding="UTF-8"?>
<!-- Generated by org.testng.reporters.JUnitReportReporter -->
<testsuite skipped="0" hostname="Personal" name="com.demo3Interviw.DemoInterview" tests="1" failures="0" timestamp="08 Aug 2022 11:04:15 GMT" time="15.424" errors="0">
  <testcase name="test02" time="15.424" classname="com.demo3Interviw.DemoInterview"/>
</testsuite> <!-- com.demo3Interviw.DemoInterview -->
