<?xml version="1.0" encoding="UTF-8"?>
<!-- Generated by org.testng.reporters.JUnitReportReporter -->
<testsuite skipped="0" hostname="Personal" name="demo1.A" tests="1" failures="0" timestamp="08 Aug 2022 07:30:40 GMT" time="12.771" errors="0">
  <testcase name="initialization" time="12.771" classname="demo1.A"/>
</testsuite> <!-- demo1.A -->
