<?xml version="1.0" encoding="UTF-8"?>
<!-- Generated by org.testng.reporters.JUnitReportReporter -->
<testsuite skipped="0" hostname="Personal" name="demo.TestNgAttributes" tests="6" failures="0" timestamp="13 Aug 2022 11:31:41 GMT" time="10.940" errors="0">
  <testcase name="test2" time="0.002" classname="demo.TestNgAttributes"/>
  <testcase name="test4" time="0.007" classname="demo.TestNgAttributes"/>
  <testcase name="browserInitiazation" time="8.844" classname="demo.TestNgAttributes"/>
  <testcase name="teardown" time="2.080" classname="demo.TestNgAttributes"/>
  <testcase name="test1" time="0.006" classname="demo.TestNgAttributes"/>
  <testcase name="browserInitiazatiol" time="0.001" classname="demo.TestNgAttributes"/>
</testsuite> <!-- demo.TestNgAttributes -->
