<?xml version="1.0" encoding="UTF-8"?>
<!-- Generated by org.testng.reporters.JUnitReportReporter -->
<testsuite skipped="0" hostname="Personal" name="demo.ParellelTestingDemo" tests="2" failures="0" timestamp="13 Aug 2022 12:46:01 GMT" time="14.694" errors="0">
  <testcase name="test2" time="7.644" classname="demo.ParellelTestingDemo"/>
  <testcase name="test1" time="7.050" classname="demo.ParellelTestingDemo"/>
</testsuite> <!-- demo.ParellelTestingDemo -->
